Vivado Simulator 2018.3
Copyright 1986-1999, 2001-2018 Xilinx, Inc. All Rights Reserved.
Running: C:/Xilinx/Vivado/2018.3/bin/unwrapped/win64.o/xelab.exe -wto e5ad7dc2426b4cbb945be35845fa2023 --incr --debug typical --relax --mt 2 -L xil_defaultlib -L secureip --snapshot SCI_RX_TX_SHELL_tb_behav xil_defaultlib.SCI_RX_TX_SHELL_tb -log elaborate.log 
Using 2 slave threads.
Starting static elaboration
Completed static elaboration
Starting simulation data flow analysis
Completed simulation data flow analysis
Time Resolution for simulation is 1ps
Compiling package std.standard
Compiling package std.textio
Compiling package ieee.std_logic_1164
Compiling package ieee.numeric_std
Compiling package ieee.math_real
Compiling package unisim.vcomponents
Compiling architecture behavioral_architecture of entity xil_defaultlib.SCI_RECEIVER [\SCI_RECEIVER(baud_counter_top=1...]
Compiling architecture behavior of entity xil_defaultlib.SCI_Transmitter [\SCI_Transmitter(baud_counter_to...]
Compiling architecture behavioral_architecture of entity xil_defaultlib.rx_tx_shell [rx_tx_shell_default]
Compiling architecture testbench of entity xil_defaultlib.sci_rx_tx_shell_tb
Built simulation snapshot SCI_RX_TX_SHELL_tb_behav
