INFO: [VRFC 10-163] Analyzing VHDL file "C:/Users/mubar/Documents/ENGS31/es31-wordle/vivado_projects/master_project - fsm2 copy/master_project.srcs/sources_1/ip/game_dict_rom/game_dict_rom_sim_netlist.vhdl" into library xil_defaultlib
INFO: [VRFC 10-3107] analyzing entity 'game_dict_rom_blk_mem_gen_mux'
INFO: [VRFC 10-3107] analyzing entity 'game_dict_rom_blk_mem_gen_prim_wrapper_init'
INFO: [VRFC 10-3107] analyzing entity '\game_dict_rom_blk_mem_gen_prim_wrapper_init__parameterized0\'
INFO: [VRFC 10-3107] analyzing entity '\game_dict_rom_blk_mem_gen_prim_wrapper_init__parameterized1\'
INFO: [VRFC 10-3107] analyzing entity '\game_dict_rom_blk_mem_gen_prim_wrapper_init__parameterized10\'
INFO: [VRFC 10-3107] analyzing entity '\game_dict_rom_blk_mem_gen_prim_wrapper_init__parameterized11\'
INFO: [VRFC 10-3107] analyzing entity '\game_dict_rom_blk_mem_gen_prim_wrapper_init__parameterized12\'
INFO: [VRFC 10-3107] analyzing entity '\game_dict_rom_blk_mem_gen_prim_wrapper_init__parameterized13\'
INFO: [VRFC 10-3107] analyzing entity '\game_dict_rom_blk_mem_gen_prim_wrapper_init__parameterized2\'
INFO: [VRFC 10-3107] analyzing entity '\game_dict_rom_blk_mem_gen_prim_wrapper_init__parameterized3\'
INFO: [VRFC 10-3107] analyzing entity '\game_dict_rom_blk_mem_gen_prim_wrapper_init__parameterized4\'
INFO: [VRFC 10-3107] analyzing entity '\game_dict_rom_blk_mem_gen_prim_wrapper_init__parameterized5\'
INFO: [VRFC 10-3107] analyzing entity '\game_dict_rom_blk_mem_gen_prim_wrapper_init__parameterized6\'
INFO: [VRFC 10-3107] analyzing entity '\game_dict_rom_blk_mem_gen_prim_wrapper_init__parameterized7\'
INFO: [VRFC 10-3107] analyzing entity '\game_dict_rom_blk_mem_gen_prim_wrapper_init__parameterized8\'
INFO: [VRFC 10-3107] analyzing entity '\game_dict_rom_blk_mem_gen_prim_wrapper_init__parameterized9\'
INFO: [VRFC 10-3107] analyzing entity 'game_dict_rom_blk_mem_gen_prim_width'
INFO: [VRFC 10-3107] analyzing entity '\game_dict_rom_blk_mem_gen_prim_width__parameterized0\'
INFO: [VRFC 10-3107] analyzing entity '\game_dict_rom_blk_mem_gen_prim_width__parameterized1\'
INFO: [VRFC 10-3107] analyzing entity '\game_dict_rom_blk_mem_gen_prim_width__parameterized10\'
INFO: [VRFC 10-3107] analyzing entity '\game_dict_rom_blk_mem_gen_prim_width__parameterized11\'
INFO: [VRFC 10-3107] analyzing entity '\game_dict_rom_blk_mem_gen_prim_width__parameterized12\'
INFO: [VRFC 10-3107] analyzing entity '\game_dict_rom_blk_mem_gen_prim_width__parameterized13\'
INFO: [VRFC 10-3107] analyzing entity '\game_dict_rom_blk_mem_gen_prim_width__parameterized2\'
INFO: [VRFC 10-3107] analyzing entity '\game_dict_rom_blk_mem_gen_prim_width__parameterized3\'
INFO: [VRFC 10-3107] analyzing entity '\game_dict_rom_blk_mem_gen_prim_width__parameterized4\'
INFO: [VRFC 10-3107] analyzing entity '\game_dict_rom_blk_mem_gen_prim_width__parameterized5\'
INFO: [VRFC 10-3107] analyzing entity '\game_dict_rom_blk_mem_gen_prim_width__parameterized6\'
INFO: [VRFC 10-3107] analyzing entity '\game_dict_rom_blk_mem_gen_prim_width__parameterized7\'
INFO: [VRFC 10-3107] analyzing entity '\game_dict_rom_blk_mem_gen_prim_width__parameterized8\'
INFO: [VRFC 10-3107] analyzing entity '\game_dict_rom_blk_mem_gen_prim_width__parameterized9\'
INFO: [VRFC 10-3107] analyzing entity 'game_dict_rom_blk_mem_gen_generic_cstr'
INFO: [VRFC 10-3107] analyzing entity 'game_dict_rom_blk_mem_gen_top'
INFO: [VRFC 10-3107] analyzing entity 'game_dict_rom_blk_mem_gen_v8_4_2_synth'
INFO: [VRFC 10-3107] analyzing entity 'game_dict_rom_blk_mem_gen_v8_4_2'
INFO: [VRFC 10-3107] analyzing entity 'game_dict_rom'
INFO: [VRFC 10-163] Analyzing VHDL file "C:/Users/mubar/Documents/ENGS31/es31-wordle/code/check_guess_logic/check_guess.vhd" into library xil_defaultlib
INFO: [VRFC 10-3107] analyzing entity 'CheckGuess'
INFO: [VRFC 10-163] Analyzing VHDL file "C:/Users/mubar/Documents/ENGS31/es31-wordle/code/check_letter/check_letter.vhd" into library xil_defaultlib
INFO: [VRFC 10-3107] analyzing entity 'Check_Letter'
INFO: [VRFC 10-163] Analyzing VHDL file "C:/Users/mubar/Documents/ENGS31/es31-wordle/code/fsm_2/fsm_2.vhd" into library xil_defaultlib
INFO: [VRFC 10-3107] analyzing entity 'FSM2'
INFO: [VRFC 10-163] Analyzing VHDL file "C:/Users/mubar/Documents/ENGS31/es31-wordle/code/load_word/load_word.vhd" into library xil_defaultlib
INFO: [VRFC 10-3107] analyzing entity 'load_word'
INFO: [VRFC 10-163] Analyzing VHDL file "C:/Users/mubar/Documents/ENGS31/es31-wordle/code/word_exists/word_exists.vhd" into library xil_defaultlib
INFO: [VRFC 10-3107] analyzing entity 'WORD_EXISTS'
INFO: [VRFC 10-163] Analyzing VHDL file "C:/Users/mubar/Documents/ENGS31/es31-wordle/code/fsm_2/fsm_2_tb.vhd" into library xil_defaultlib
INFO: [VRFC 10-3107] analyzing entity 'FSM2_tb'
