
*** Running vivado
    with args -log rx_tx_shell.vds -m64 -product Vivado -mode batch -messageDb vivado.pb -notrace -source rx_tx_shell.tcl


****** Vivado v2018.3.1 (64-bit)
  **** SW Build 2489853 on Tue Mar 26 04:20:25 MDT 2019
  **** IP Build 2486929 on Tue Mar 26 06:44:21 MDT 2019
    ** Copyright 1986-2019 Xilinx, Inc. All Rights Reserved.

source rx_tx_shell.tcl -notrace
Command: synth_design -top rx_tx_shell -part xc7a35tcpg236-1
Starting synth_design
Attempting to get a license for feature 'Synthesis' and/or device 'xc7a35t'
INFO: [Common 17-349] Got license for feature 'Synthesis' and/or device 'xc7a35t'
INFO: Launching helper process for spawning children vivado processes
INFO: Helper process launched with PID 49592 
---------------------------------------------------------------------------------
Starting RTL Elaboration : Time (s): cpu = 00:00:02 ; elapsed = 00:00:02 . Memory (MB): peak = 389.320 ; gain = 99.223
---------------------------------------------------------------------------------
INFO: [Synth 8-638] synthesizing module 'rx_tx_shell' [C:/Users/mubar/Documents/ENGS31/es31-wordle/code/receiver_transmitter/rx_tx_shell.vhd:60]
	Parameter BAUD_COUNTER_TOP bound to: 10417 - type: integer 
	Parameter BIT_COUNTER_TOP bound to: 10 - type: integer 
INFO: [Synth 8-3491] module 'SCI_RECEIVER' declared at 'C:/Users/mubar/Documents/ENGS31/es31-wordle/code/receiver/sci_receiver.vhd:53' bound to instance 'receiver' of component 'SCI_RECEIVER' [C:/Users/mubar/Documents/ENGS31/es31-wordle/code/receiver_transmitter/rx_tx_shell.vhd:160]
INFO: [Synth 8-638] synthesizing module 'SCI_RECEIVER' [C:/Users/mubar/Documents/ENGS31/es31-wordle/code/receiver/sci_receiver.vhd:76]
	Parameter BAUD_COUNTER_TOP bound to: 10417 - type: integer 
	Parameter BIT_COUNTER_TOP bound to: 10 - type: integer 
WARNING: [Synth 8-6014] Unused sequential element current_state_bin_reg was removed.  [C:/Users/mubar/Documents/ENGS31/es31-wordle/code/receiver/sci_receiver.vhd:142]
INFO: [Synth 8-256] done synthesizing module 'SCI_RECEIVER' (1#1) [C:/Users/mubar/Documents/ENGS31/es31-wordle/code/receiver/sci_receiver.vhd:76]
INFO: [Synth 8-3491] module 'Check_Letter' declared at 'C:/Users/mubar/Documents/ENGS31/es31-wordle/code/check_letter/check_letter.vhd:42' bound to instance 'checkletter' of component 'Check_Letter' [C:/Users/mubar/Documents/ENGS31/es31-wordle/code/receiver_transmitter/rx_tx_shell.vhd:176]
INFO: [Synth 8-638] synthesizing module 'Check_Letter' [C:/Users/mubar/Documents/ENGS31/es31-wordle/code/check_letter/check_letter.vhd:61]
INFO: [Synth 8-256] done synthesizing module 'Check_Letter' (2#1) [C:/Users/mubar/Documents/ENGS31/es31-wordle/code/check_letter/check_letter.vhd:61]
	Parameter BAUD_COUNTER_TOP bound to: 10417 - type: integer 
	Parameter BIT_COUNTER_TOP bound to: 10 - type: integer 
INFO: [Synth 8-3491] module 'SCI_Transmitter' declared at 'C:/Users/mubar/Documents/ENGS31/es31-wordle/code/transmitter/sci_transmitter.vhd:49' bound to instance 'transmitter' of component 'SCI_Transmitter' [C:/Users/mubar/Documents/ENGS31/es31-wordle/code/receiver_transmitter/rx_tx_shell.vhd:199]
INFO: [Synth 8-638] synthesizing module 'SCI_Transmitter' [C:/Users/mubar/Documents/ENGS31/es31-wordle/code/transmitter/sci_transmitter.vhd:71]
	Parameter BAUD_COUNTER_TOP bound to: 10417 - type: integer 
	Parameter BIT_COUNTER_TOP bound to: 10 - type: integer 
WARNING: [Synth 8-4767] Trying to implement RAM 'queue_reg_reg' in registers. Block RAM or DRAM implementation is not possible; see log for reasons.
Reason is one or more of the following :
	1: RAM has multiple writes via different ports in same process. If RAM inferencing intended, write to one port per process. 
	2: Unable to determine number of words or word size in RAM. 
	3: No valid read/write found for RAM. 
RAM "queue_reg_reg" dissolved into registers
INFO: [Synth 8-256] done synthesizing module 'SCI_Transmitter' (3#1) [C:/Users/mubar/Documents/ENGS31/es31-wordle/code/transmitter/sci_transmitter.vhd:71]
INFO: [Synth 8-256] done synthesizing module 'rx_tx_shell' (4#1) [C:/Users/mubar/Documents/ENGS31/es31-wordle/code/receiver_transmitter/rx_tx_shell.vhd:60]
---------------------------------------------------------------------------------
Finished RTL Elaboration : Time (s): cpu = 00:00:03 ; elapsed = 00:00:03 . Memory (MB): peak = 445.488 ; gain = 155.391
---------------------------------------------------------------------------------

Report Check Netlist: 
+------+------------------+-------+---------+-------+------------------+
|      |Item              |Errors |Warnings |Status |Description       |
+------+------------------+-------+---------+-------+------------------+
|1     |multi_driven_nets |      0|        0|Passed |Multi driven nets |
+------+------------------+-------+---------+-------+------------------+
---------------------------------------------------------------------------------
Start Handling Custom Attributes
---------------------------------------------------------------------------------
---------------------------------------------------------------------------------
Finished Handling Custom Attributes : Time (s): cpu = 00:00:03 ; elapsed = 00:00:03 . Memory (MB): peak = 445.488 ; gain = 155.391
---------------------------------------------------------------------------------
---------------------------------------------------------------------------------
Finished RTL Optimization Phase 1 : Time (s): cpu = 00:00:03 ; elapsed = 00:00:03 . Memory (MB): peak = 445.488 ; gain = 155.391
---------------------------------------------------------------------------------
INFO: [Device 21-403] Loading part xc7a35tcpg236-1
INFO: [Project 1-570] Preparing netlist for logic optimization

Processing XDC Constraints
Initializing timing engine
Parsing XDC File [C:/Users/mubar/Documents/ENGS31/es31-wordle/vivado_projects/rx_tx_comm_constraints.xdc]
Finished Parsing XDC File [C:/Users/mubar/Documents/ENGS31/es31-wordle/vivado_projects/rx_tx_comm_constraints.xdc]
INFO: [Project 1-236] Implementation specific constraints were found while reading constraint file [C:/Users/mubar/Documents/ENGS31/es31-wordle/vivado_projects/rx_tx_comm_constraints.xdc]. These constraints will be ignored for synthesis but will be used in implementation. Impacted constraints are listed in the file [.Xil/rx_tx_shell_propImpl.xdc].
Resolution: To avoid this warning, move constraints listed in [.Xil/rx_tx_shell_propImpl.xdc] to another XDC file and exclude this new file from synthesis with the used_in_synthesis property (File Properties dialog in GUI) and re-run elaboration/synthesis.
Netlist sorting complete. Time (s): cpu = 00:00:00 ; elapsed = 00:00:00.001 . Memory (MB): peak = 773.656 ; gain = 0.000
Completed Processing XDC Constraints

Netlist sorting complete. Time (s): cpu = 00:00:00 ; elapsed = 00:00:00 . Memory (MB): peak = 773.684 ; gain = 0.000
INFO: [Project 1-111] Unisim Transformation Summary:
No Unisim elements were transformed.

Netlist sorting complete. Time (s): cpu = 00:00:00 ; elapsed = 00:00:00 . Memory (MB): peak = 773.684 ; gain = 0.000
Constraint Validation Runtime : Time (s): cpu = 00:00:00 ; elapsed = 00:00:00.003 . Memory (MB): peak = 773.684 ; gain = 0.000
---------------------------------------------------------------------------------
Finished Constraint Validation : Time (s): cpu = 00:00:08 ; elapsed = 00:00:13 . Memory (MB): peak = 773.684 ; gain = 483.586
---------------------------------------------------------------------------------
---------------------------------------------------------------------------------
Start Loading Part and Timing Information
---------------------------------------------------------------------------------
Loading part: xc7a35tcpg236-1
---------------------------------------------------------------------------------
Finished Loading Part and Timing Information : Time (s): cpu = 00:00:08 ; elapsed = 00:00:13 . Memory (MB): peak = 773.684 ; gain = 483.586
---------------------------------------------------------------------------------
---------------------------------------------------------------------------------
Start Applying 'set_property' XDC Constraints
---------------------------------------------------------------------------------
---------------------------------------------------------------------------------
Finished applying 'set_property' XDC Constraints : Time (s): cpu = 00:00:08 ; elapsed = 00:00:13 . Memory (MB): peak = 773.684 ; gain = 483.586
---------------------------------------------------------------------------------
INFO: [Synth 8-802] inferred FSM for state register 'current_state_reg' in module 'SCI_RECEIVER'
INFO: [Synth 8-5544] ROM "bit_tc" won't be mapped to Block RAM because address size (4) smaller than threshold (5)
INFO: [Synth 8-5546] ROM "baud_start_tc" won't be mapped to RAM because it is too sparse
INFO: [Synth 8-5546] ROM "baud_tc" won't be mapped to RAM because it is too sparse
INFO: [Synth 8-5544] ROM "register_reset" won't be mapped to Block RAM because address size (3) smaller than threshold (5)
INFO: [Synth 8-5544] ROM "shift_en" won't be mapped to Block RAM because address size (3) smaller than threshold (5)
INFO: [Synth 8-5544] ROM "rx_error_output" won't be mapped to Block RAM because address size (3) smaller than threshold (5)
INFO: [Synth 8-5544] ROM "rx_done_output" won't be mapped to Block RAM because address size (3) smaller than threshold (5)
INFO: [Synth 8-5544] ROM "bit_reset" won't be mapped to Block RAM because address size (3) smaller than threshold (5)
INFO: [Synth 8-5544] ROM "baud_reset" won't be mapped to Block RAM because address size (3) smaller than threshold (5)
INFO: [Synth 8-5544] ROM "next_state" won't be mapped to Block RAM because address size (1) smaller than threshold (5)
INFO: [Synth 8-5544] ROM "next_state" won't be mapped to Block RAM because address size (1) smaller than threshold (5)
INFO: [Synth 8-5546] ROM "is_backspace" won't be mapped to RAM because it is too sparse
INFO: [Synth 8-5546] ROM "is_enter" won't be mapped to RAM because it is too sparse
INFO: [Synth 8-5818] HDL ADVISOR - The operator resource <adder> is shared. To prevent sharing consider applying a KEEP on the output of the operator [C:/Users/mubar/Documents/ENGS31/es31-wordle/code/transmitter/sci_transmitter.vhd:149]
INFO: [Synth 8-5545] ROM "empty" won't be mapped to RAM because address size (32) is larger than maximum supported(25)
INFO: [Synth 8-5545] ROM "w_addr" won't be mapped to RAM because address size (32) is larger than maximum supported(25)
INFO: [Synth 8-5545] ROM "r_addr" won't be mapped to RAM because address size (32) is larger than maximum supported(25)
INFO: [Synth 8-5546] ROM "tc" won't be mapped to RAM because it is too sparse
INFO: [Synth 8-5545] ROM "num_bits_sent" won't be mapped to RAM because address size (32) is larger than maximum supported(25)
INFO: [Synth 8-5545] ROM "num_bits_sent" won't be mapped to RAM because address size (32) is larger than maximum supported(25)
INFO: [Synth 8-5545] ROM "block_sent" won't be mapped to RAM because address size (32) is larger than maximum supported(25)
---------------------------------------------------------------------------------------------------
                   State |                     New Encoding |                Previous Encoding 
---------------------------------------------------------------------------------------------------
                   swait |                              000 |                              000
  ssamplestartbitcounter |                              001 |                              001
               sshiftbit |                              010 |                              010
            sparallelout |                              011 |                              100
              srxsuccess |                              100 |                              101
                 srxfail |                              101 |                              110
       ssamplebitcounter |                              110 |                              011
---------------------------------------------------------------------------------------------------
INFO: [Synth 8-3354] encoded FSM with state register 'current_state_reg' using encoding 'sequential' in module 'SCI_RECEIVER'
---------------------------------------------------------------------------------
Finished RTL Optimization Phase 2 : Time (s): cpu = 00:00:08 ; elapsed = 00:00:13 . Memory (MB): peak = 773.684 ; gain = 483.586
---------------------------------------------------------------------------------

Report RTL Partitions: 
+-+--------------+------------+----------+
| |RTL Partition |Replication |Instances |
+-+--------------+------------+----------+
+-+--------------+------------+----------+
---------------------------------------------------------------------------------
Start RTL Component Statistics 
---------------------------------------------------------------------------------
Detailed RTL Component Info : 
+---Adders : 
	   2 Input     32 Bit       Adders := 3     
	   2 Input     14 Bit       Adders := 1     
	   2 Input      8 Bit       Adders := 1     
	   2 Input      4 Bit       Adders := 1     
+---Registers : 
	               32 Bit    Registers := 3     
	               14 Bit    Registers := 1     
	               10 Bit    Registers := 2     
	                8 Bit    Registers := 9     
	                4 Bit    Registers := 1     
	                1 Bit    Registers := 4     
+---Muxes : 
	   2 Input     64 Bit        Muxes := 1     
	   2 Input     32 Bit        Muxes := 3     
	   2 Input     14 Bit        Muxes := 1     
	   3 Input     10 Bit        Muxes := 2     
	   2 Input     10 Bit        Muxes := 1     
	   2 Input      8 Bit        Muxes := 17    
	   2 Input      4 Bit        Muxes := 1     
	   7 Input      3 Bit        Muxes := 1     
	   2 Input      3 Bit        Muxes := 2     
	   2 Input      1 Bit        Muxes := 11    
	   7 Input      1 Bit        Muxes := 7     
	   3 Input      1 Bit        Muxes := 1     
---------------------------------------------------------------------------------
Finished RTL Component Statistics 
---------------------------------------------------------------------------------
---------------------------------------------------------------------------------
Start RTL Hierarchical Component Statistics 
---------------------------------------------------------------------------------
Hierarchical RTL Component report 
Module SCI_RECEIVER 
Detailed RTL Component Info : 
+---Adders : 
	   2 Input      4 Bit       Adders := 1     
+---Registers : 
	               10 Bit    Registers := 1     
	                8 Bit    Registers := 1     
	                4 Bit    Registers := 1     
	                1 Bit    Registers := 2     
+---Muxes : 
	   2 Input      4 Bit        Muxes := 1     
	   7 Input      3 Bit        Muxes := 1     
	   2 Input      3 Bit        Muxes := 2     
	   2 Input      1 Bit        Muxes := 4     
	   7 Input      1 Bit        Muxes := 7     
Module Check_Letter 
Detailed RTL Component Info : 
+---Adders : 
	   2 Input      8 Bit       Adders := 1     
+---Muxes : 
	   2 Input      1 Bit        Muxes := 2     
Module SCI_Transmitter 
Detailed RTL Component Info : 
+---Adders : 
	   2 Input     32 Bit       Adders := 3     
	   2 Input     14 Bit       Adders := 1     
+---Registers : 
	               32 Bit    Registers := 3     
	               14 Bit    Registers := 1     
	               10 Bit    Registers := 1     
	                8 Bit    Registers := 8     
	                1 Bit    Registers := 2     
+---Muxes : 
	   2 Input     64 Bit        Muxes := 1     
	   2 Input     32 Bit        Muxes := 3     
	   2 Input     14 Bit        Muxes := 1     
	   3 Input     10 Bit        Muxes := 2     
	   2 Input     10 Bit        Muxes := 1     
	   2 Input      8 Bit        Muxes := 17    
	   3 Input      1 Bit        Muxes := 1     
	   2 Input      1 Bit        Muxes := 5     
---------------------------------------------------------------------------------
Finished RTL Hierarchical Component Statistics
---------------------------------------------------------------------------------
---------------------------------------------------------------------------------
Start Part Resource Summary
---------------------------------------------------------------------------------
Part Resources:
DSPs: 90 (col length:60)
BRAMs: 100 (col length: RAMB18 60 RAMB36 30)
---------------------------------------------------------------------------------
Finished Part Resource Summary
---------------------------------------------------------------------------------
---------------------------------------------------------------------------------
Start Cross Boundary and Area Optimization
---------------------------------------------------------------------------------
Warning: Parallel synthesis criteria is not met 
INFO: [Synth 8-5546] ROM "receiver/baud_start_tc" won't be mapped to RAM because it is too sparse
INFO: [Synth 8-5546] ROM "receiver/baud_tc" won't be mapped to RAM because it is too sparse
INFO: [Synth 8-5546] ROM "checkletter/is_backspace" won't be mapped to RAM because it is too sparse
INFO: [Synth 8-5546] ROM "checkletter/is_enter" won't be mapped to RAM because it is too sparse
INFO: [Synth 8-5545] ROM "transmitter/full__00" won't be mapped to RAM because address size (32) is larger than maximum supported(25)
INFO: [Synth 8-5545] ROM "transmitter/empty" won't be mapped to RAM because address size (32) is larger than maximum supported(25)
INFO: [Synth 8-5545] ROM "transmitter/num_bits_sent" won't be mapped to RAM because address size (32) is larger than maximum supported(25)
INFO: [Synth 8-5545] ROM "transmitter/num_bits_sent" won't be mapped to RAM because address size (32) is larger than maximum supported(25)
INFO: [Synth 8-5545] ROM "transmitter/block_sent" won't be mapped to RAM because address size (32) is larger than maximum supported(25)
INFO: [Synth 8-5546] ROM "transmitter/tc" won't be mapped to RAM because it is too sparse
INFO: [Synth 8-5545] ROM "transmitter/w_addr" won't be mapped to RAM because address size (32) is larger than maximum supported(25)
INFO: [Synth 8-5545] ROM "transmitter/r_addr" won't be mapped to RAM because address size (32) is larger than maximum supported(25)
---------------------------------------------------------------------------------
Finished Cross Boundary and Area Optimization : Time (s): cpu = 00:00:10 ; elapsed = 00:00:16 . Memory (MB): peak = 773.684 ; gain = 483.586
---------------------------------------------------------------------------------

Report RTL Partitions: 
+-+--------------+------------+----------+
| |RTL Partition |Replication |Instances |
+-+--------------+------------+----------+
+-+--------------+------------+----------+
---------------------------------------------------------------------------------
Start Applying XDC Timing Constraints
---------------------------------------------------------------------------------
---------------------------------------------------------------------------------
Finished Applying XDC Timing Constraints : Time (s): cpu = 00:00:15 ; elapsed = 00:00:23 . Memory (MB): peak = 773.684 ; gain = 483.586
---------------------------------------------------------------------------------
---------------------------------------------------------------------------------
Start Timing Optimization
---------------------------------------------------------------------------------
---------------------------------------------------------------------------------
Finished Timing Optimization : Time (s): cpu = 00:00:16 ; elapsed = 00:00:25 . Memory (MB): peak = 837.777 ; gain = 547.680
---------------------------------------------------------------------------------

Report RTL Partitions: 
+-+--------------+------------+----------+
| |RTL Partition |Replication |Instances |
+-+--------------+------------+----------+
+-+--------------+------------+----------+
---------------------------------------------------------------------------------
Start Technology Mapping
---------------------------------------------------------------------------------
---------------------------------------------------------------------------------
Finished Technology Mapping : Time (s): cpu = 00:00:17 ; elapsed = 00:00:26 . Memory (MB): peak = 838.840 ; gain = 548.742
---------------------------------------------------------------------------------

Report RTL Partitions: 
+-+--------------+------------+----------+
| |RTL Partition |Replication |Instances |
+-+--------------+------------+----------+
+-+--------------+------------+----------+
---------------------------------------------------------------------------------
Start IO Insertion
---------------------------------------------------------------------------------
---------------------------------------------------------------------------------
Start Flattening Before IO Insertion
---------------------------------------------------------------------------------
---------------------------------------------------------------------------------
Finished Flattening Before IO Insertion
---------------------------------------------------------------------------------
---------------------------------------------------------------------------------
Start Final Netlist Cleanup
---------------------------------------------------------------------------------
---------------------------------------------------------------------------------
Finished Final Netlist Cleanup
---------------------------------------------------------------------------------
---------------------------------------------------------------------------------
Finished IO Insertion : Time (s): cpu = 00:00:17 ; elapsed = 00:00:26 . Memory (MB): peak = 838.840 ; gain = 548.742
---------------------------------------------------------------------------------

Report Check Netlist: 
+------+------------------+-------+---------+-------+------------------+
|      |Item              |Errors |Warnings |Status |Description       |
+------+------------------+-------+---------+-------+------------------+
|1     |multi_driven_nets |      0|        0|Passed |Multi driven nets |
+------+------------------+-------+---------+-------+------------------+
---------------------------------------------------------------------------------
Start Renaming Generated Instances
---------------------------------------------------------------------------------
---------------------------------------------------------------------------------
Finished Renaming Generated Instances : Time (s): cpu = 00:00:17 ; elapsed = 00:00:26 . Memory (MB): peak = 838.840 ; gain = 548.742
---------------------------------------------------------------------------------

Report RTL Partitions: 
+-+--------------+------------+----------+
| |RTL Partition |Replication |Instances |
+-+--------------+------------+----------+
+-+--------------+------------+----------+
---------------------------------------------------------------------------------
Start Rebuilding User Hierarchy
---------------------------------------------------------------------------------
---------------------------------------------------------------------------------
Finished Rebuilding User Hierarchy : Time (s): cpu = 00:00:17 ; elapsed = 00:00:26 . Memory (MB): peak = 838.840 ; gain = 548.742
---------------------------------------------------------------------------------
---------------------------------------------------------------------------------
Start Renaming Generated Ports
---------------------------------------------------------------------------------
---------------------------------------------------------------------------------
Finished Renaming Generated Ports : Time (s): cpu = 00:00:17 ; elapsed = 00:00:26 . Memory (MB): peak = 838.840 ; gain = 548.742
---------------------------------------------------------------------------------
---------------------------------------------------------------------------------
Start Handling Custom Attributes
---------------------------------------------------------------------------------
---------------------------------------------------------------------------------
Finished Handling Custom Attributes : Time (s): cpu = 00:00:17 ; elapsed = 00:00:26 . Memory (MB): peak = 838.840 ; gain = 548.742
---------------------------------------------------------------------------------
---------------------------------------------------------------------------------
Start Renaming Generated Nets
---------------------------------------------------------------------------------
---------------------------------------------------------------------------------
Finished Renaming Generated Nets : Time (s): cpu = 00:00:17 ; elapsed = 00:00:26 . Memory (MB): peak = 838.840 ; gain = 548.742
---------------------------------------------------------------------------------
---------------------------------------------------------------------------------
Start Writing Synthesis Report
---------------------------------------------------------------------------------

Report BlackBoxes: 
+-+--------------+----------+
| |BlackBox name |Instances |
+-+--------------+----------+
+-+--------------+----------+

Report Cell Usage: 
+------+-------+------+
|      |Cell   |Count |
+------+-------+------+
|1     |BUFG   |     1|
|2     |CARRY4 |    40|
|3     |LUT1   |    34|
|4     |LUT2   |    45|
|5     |LUT3   |    29|
|6     |LUT4   |    35|
|7     |LUT5   |    23|
|8     |LUT6   |   121|
|9     |MUXF7  |     6|
|10    |FDRE   |   248|
|11    |FDSE   |    10|
|12    |IBUF   |     2|
|13    |OBUF   |     9|
+------+-------+------+

Report Instance Areas: 
+------+--------------+----------------+------+
|      |Instance      |Module          |Cells |
+------+--------------+----------------+------+
|1     |top           |                |   603|
|2     |  receiver    |SCI_RECEIVER    |    83|
|3     |  transmitter |SCI_Transmitter |   508|
+------+--------------+----------------+------+
---------------------------------------------------------------------------------
Finished Writing Synthesis Report : Time (s): cpu = 00:00:17 ; elapsed = 00:00:26 . Memory (MB): peak = 838.840 ; gain = 548.742
---------------------------------------------------------------------------------
Synthesis finished with 0 errors, 0 critical warnings and 0 warnings.
Synthesis Optimization Runtime : Time (s): cpu = 00:00:11 ; elapsed = 00:00:21 . Memory (MB): peak = 838.840 ; gain = 220.547
Synthesis Optimization Complete : Time (s): cpu = 00:00:17 ; elapsed = 00:00:27 . Memory (MB): peak = 838.840 ; gain = 548.742
INFO: [Project 1-571] Translating synthesized netlist
INFO: [Netlist 29-17] Analyzing 46 Unisim elements for replacement
INFO: [Netlist 29-28] Unisim Transformation completed in 0 CPU seconds
INFO: [Project 1-570] Preparing netlist for logic optimization
INFO: [Opt 31-138] Pushed 0 inverter(s) to 0 load pin(s).
Netlist sorting complete. Time (s): cpu = 00:00:00 ; elapsed = 00:00:00.001 . Memory (MB): peak = 838.840 ; gain = 0.000
INFO: [Project 1-111] Unisim Transformation Summary:
No Unisim elements were transformed.

INFO: [Common 17-83] Releasing license: Synthesis
58 Infos, 2 Warnings, 0 Critical Warnings and 0 Errors encountered.
synth_design completed successfully
synth_design: Time (s): cpu = 00:00:18 ; elapsed = 00:00:29 . Memory (MB): peak = 838.840 ; gain = 560.867
Netlist sorting complete. Time (s): cpu = 00:00:00 ; elapsed = 00:00:00 . Memory (MB): peak = 838.840 ; gain = 0.000
WARNING: [Constraints 18-5210] No constraints selected for write.
Resolution: This message can indicate that there are no constraints for the design, or it can indicate that the used_in flags are set such that the constraints are ignored. This later case is used when running synth_design to not write synthesis constraints to the resulting checkpoint. Instead, project constraints are read when the synthesized design is opened.
INFO: [Common 17-1381] The checkpoint 'C:/Users/mubar/Documents/ENGS31/es31-wordle/vivado_projects/rx_tx_comm/rx_tx_comm.runs/synth_1/rx_tx_shell.dcp' has been generated.
INFO: [runtcl-4] Executing : report_utilization -file rx_tx_shell_utilization_synth.rpt -pb rx_tx_shell_utilization_synth.pb
INFO: [Common 17-206] Exiting Vivado at Thu Jun  2 13:41:22 2022...
