Copyright 1986-2019 Xilinx, Inc. All Rights Reserved.
---------------------------------------------------------------------------------------------------------------------------
| Tool Version : Vivado v.2018.3.1 (win64) Build 2489853 Tue Mar 26 04:20:25 MDT 2019
| Date         : Tue May 31 10:31:45 2022
| Host         : Mubarak-XPS15 running 64-bit major release  (build 9200)
| Command      : report_drc -file rx_tx_shell_drc_routed.rpt -pb rx_tx_shell_drc_routed.pb -rpx rx_tx_shell_drc_routed.rpx
| Design       : rx_tx_shell
| Device       : xc7a35tcpg236-1
| Speed File   : -1
| Design State : Fully Routed
---------------------------------------------------------------------------------------------------------------------------

Report DRC

Table of Contents
-----------------
1. REPORT SUMMARY
2. REPORT DETAILS

1. REPORT SUMMARY
-----------------
            Netlist: netlist
          Floorplan: design_1
      Design limits: <entire design considered>
           Ruledeck: default
             Max violations: <unlimited>
             Violations found: 0
+------+----------+-------------+------------+
| Rule | Severity | Description | Violations |
+------+----------+-------------+------------+
+------+----------+-------------+------------+

2. REPORT DETAILS
-----------------

