Copyright 1986-2019 Xilinx, Inc. All Rights Reserved.
---------------------------------------------------------------------------------------------------
| Tool Version : Vivado v.2018.3.1 (win64) Build 2489853 Tue Mar 26 04:20:25 MDT 2019
| Date         : Mon Jun  6 23:45:02 2022
| Host         : Mubarak-XPS15 running 64-bit major release  (build 9200)
| Command      : report_control_sets -verbose -file WORDLE_TOP_LEVEL_SHELL_control_sets_placed.rpt
| Design       : WORDLE_TOP_LEVEL_SHELL
| Device       : xc7a35t
---------------------------------------------------------------------------------------------------

Control Set Information

Table of Contents
-----------------
1. Summary
2. Histogram
3. Flip-Flop Distribution
4. Detailed Control Set Information

1. Summary
----------

+----------------------------------------------------------+-------+
|                          Status                          | Count |
+----------------------------------------------------------+-------+
| Number of unique control sets                            |    30 |
| Unused register locations in slices containing registers |    59 |
+----------------------------------------------------------+-------+


2. Histogram
------------

+--------+--------------+
| Fanout | Control Sets |
+--------+--------------+
|      1 |            2 |
|      4 |            3 |
|      5 |            2 |
|      8 |            6 |
|     10 |            1 |
|     11 |            1 |
|     14 |            4 |
|    16+ |           11 |
+--------+--------------+


3. Flip-Flop Distribution
-------------------------

+--------------+-----------------------+------------------------+-----------------+--------------+
| Clock Enable | Synchronous Set/Reset | Asynchronous Set/Reset | Total Registers | Total Slices |
+--------------+-----------------------+------------------------+-----------------+--------------+
| No           | No                    | No                     |              34 |           16 |
| No           | No                    | Yes                    |               0 |            0 |
| No           | Yes                   | No                     |              88 |           23 |
| Yes          | No                    | No                     |             290 |          104 |
| Yes          | No                    | Yes                    |               0 |            0 |
| Yes          | Yes                   | No                     |             105 |           28 |
+--------------+-----------------------+------------------------+-----------------+--------------+


4. Detailed Control Set Information
-----------------------------------

+-------------------------+--------------------------------------------------------------------+----------------------------------------------------+------------------+----------------+
|       Clock Signal      |                            Enable Signal                           |                  Set/Reset Signal                  | Slice Load Count | Bel Load Count |
+-------------------------+--------------------------------------------------------------------+----------------------------------------------------+------------------+----------------+
|  clk_ext_port_IBUF_BUFG | transmitter/Shift_Reg0_in[0]                                       | transmitter/read_addr[2]_i_1_n_0                   |                1 |              1 |
|  clk_ext_port_IBUF_BUFG | state_machine/guess_checker/guess_count_en                         |                                                    |                1 |              1 |
|  clk_ext_port_IBUF_BUFG | receiver/bit_count[3]_i_1_n_0                                      |                                                    |                1 |              4 |
|  clk_ext_port_IBUF_BUFG | transmitter/Bit_Counter[3]_i_1_n_0                                 |                                                    |                1 |              4 |
|  clk_ext_port_IBUF_BUFG | state_machine/word_exist_block/FSM_onehot_current_state[3]_i_1_n_0 |                                                    |                1 |              4 |
|  clk_ext_port_IBUF_BUFG | receiver/E[0]                                                      |                                                    |                2 |              5 |
|  clk_ext_port_IBUF_BUFG | state_machine/guess_checker/guess_addr[31]_i_1_n_0                 |                                                    |                4 |              5 |
|  clk_ext_port_IBUF_BUFG | transmitter/Shift_Reg0_in[0]                                       |                                                    |                3 |              8 |
|  clk_ext_port_IBUF_BUFG | state_machine/word_loader/word_chars_reg[1]_3                      |                                                    |                2 |              8 |
|  clk_ext_port_IBUF_BUFG | state_machine/word_loader/word_chars_reg[3]_1                      |                                                    |                4 |              8 |
|  clk_ext_port_IBUF_BUFG | state_machine/word_loader/word_chars_reg[4]_0                      |                                                    |                2 |              8 |
|  clk_ext_port_IBUF_BUFG | state_machine/word_loader/word_chars_reg[0]_4                      |                                                    |                2 |              8 |
|  clk_ext_port_IBUF_BUFG | state_machine/word_loader/word_chars_reg[2]_2                      |                                                    |                2 |              8 |
|  clk_ext_port_IBUF_BUFG | receiver/shift_en                                                  | receiver/register_reset                            |                3 |             10 |
|  clk_ext_port_IBUF_BUFG | transmitter/read_addr[2]_i_1_n_0                                   |                                                    |                3 |             11 |
|  clk_ext_port_IBUF_BUFG |                                                                    | state_machine/sol_addr[13]_i_1__0_n_0              |                5 |             14 |
|  clk_ext_port_IBUF_BUFG |                                                                    | receiver/baud_reset                                |                4 |             14 |
|  clk_ext_port_IBUF_BUFG |                                                                    | transmitter/read_addr[2]_i_1_n_0                   |                3 |             14 |
|  clk_ext_port_IBUF_BUFG |                                                                    | state_machine/word_exist_block/counter_reset       |                4 |             14 |
|  clk_ext_port_IBUF_BUFG | receiver/rx_done_output                                            |                                                    |                8 |             16 |
|  clk_ext_port_IBUF_BUFG | transmitter/p_0_in                                                 |                                                    |                2 |             16 |
|  clk_ext_port_IBUF_BUFG | state_machine/guess_checker/done                                   | state_machine/num_tries[31]_i_1_n_0                |                8 |             31 |
|  clk_ext_port_IBUF_BUFG | state_machine/guess_checker/guess_count_en                         | state_machine/guess_checker/guess_addr[31]_i_1_n_0 |                8 |             31 |
|  clk_ext_port_IBUF_BUFG |                                                                    | state_machine/guess_checker/sol_addr[31]_i_1_n_0   |                7 |             32 |
|  clk_ext_port_IBUF_BUFG | receiver/Rx_Done_reg_1                                             | state_machine/word_loader/next_char_index          |                8 |             32 |
|  clk_ext_port_IBUF_BUFG | transmitter/queue_size[0]_i_1_n_0                                  |                                                    |                8 |             32 |
|  clk_ext_port_IBUF_BUFG |                                                                    |                                                    |               16 |             34 |
|  clk_ext_port_IBUF_BUFG | state_machine/solution0                                            |                                                    |               24 |             40 |
|  clk_ext_port_IBUF_BUFG | state_machine/word_loader/next_char_index                          |                                                    |               10 |             40 |
|  clk_ext_port_IBUF_BUFG | state_machine/word_exist_block/Q[0]                                |                                                    |               26 |             80 |
+-------------------------+--------------------------------------------------------------------+----------------------------------------------------+------------------+----------------+


