INFO: [VRFC 10-163] Analyzing VHDL file "C:/Users/mubar/Documents/ENGS31/es31-wordle/vivado_projects/master_project - fsm2 copy/master_project.sim/fsm_tx_2_sim/synth/func/xsim/FSM2_tx_tb_func_synth.vhd" into library xil_defaultlib
INFO: [VRFC 10-3107] analyzing entity 'CheckGuess'
INFO: [VRFC 10-3107] analyzing entity 'SCI_RECEIVER'
INFO: [VRFC 10-3107] analyzing entity 'Transmitter2'
INFO: [VRFC 10-3107] analyzing entity 'load_word'
INFO: [VRFC 10-3107] analyzing entity 'game_dict_rom_blk_mem_gen_mux'
INFO: [VRFC 10-3107] analyzing entity 'game_dict_rom_blk_mem_gen_prim_wrapper_init'
INFO: [VRFC 10-3107] analyzing entity '\game_dict_rom_blk_mem_gen_prim_wrapper_init__parameterized0\'
INFO: [VRFC 10-3107] analyzing entity '\game_dict_rom_blk_mem_gen_prim_wrapper_init__parameterized1\'
INFO: [VRFC 10-3107] analyzing entity '\game_dict_rom_blk_mem_gen_prim_wrapper_init__parameterized10\'
INFO: [VRFC 10-3107] analyzing entity '\game_dict_rom_blk_mem_gen_prim_wrapper_init__parameterized11\'
INFO: [VRFC 10-3107] analyzing entity '\game_dict_rom_blk_mem_gen_prim_wrapper_init__parameterized12\'
INFO: [VRFC 10-3107] analyzing entity '\game_dict_rom_blk_mem_gen_prim_wrapper_init__parameterized13\'
INFO: [VRFC 10-3107] analyzing entity '\game_dict_rom_blk_mem_gen_prim_wrapper_init__parameterized2\'
INFO: [VRFC 10-3107] analyzing entity '\game_dict_rom_blk_mem_gen_prim_wrapper_init__parameterized3\'
INFO: [VRFC 10-3107] analyzing entity '\game_dict_rom_blk_mem_gen_prim_wrapper_init__parameterized4\'
INFO: [VRFC 10-3107] analyzing entity '\game_dict_rom_blk_mem_gen_prim_wrapper_init__parameterized5\'
INFO: [VRFC 10-3107] analyzing entity '\game_dict_rom_blk_mem_gen_prim_wrapper_init__parameterized6\'
INFO: [VRFC 10-3107] analyzing entity '\game_dict_rom_blk_mem_gen_prim_wrapper_init__parameterized7\'
INFO: [VRFC 10-3107] analyzing entity '\game_dict_rom_blk_mem_gen_prim_wrapper_init__parameterized8\'
INFO: [VRFC 10-3107] analyzing entity '\game_dict_rom_blk_mem_gen_prim_wrapper_init__parameterized9\'
INFO: [VRFC 10-3107] analyzing entity 'game_dict_rom_blk_mem_gen_prim_width'
INFO: [VRFC 10-3107] analyzing entity '\game_dict_rom_blk_mem_gen_prim_width__parameterized0\'
INFO: [VRFC 10-3107] analyzing entity '\game_dict_rom_blk_mem_gen_prim_width__parameterized1\'
INFO: [VRFC 10-3107] analyzing entity '\game_dict_rom_blk_mem_gen_prim_width__parameterized10\'
INFO: [VRFC 10-3107] analyzing entity '\game_dict_rom_blk_mem_gen_prim_width__parameterized11\'
INFO: [VRFC 10-3107] analyzing entity '\game_dict_rom_blk_mem_gen_prim_width__parameterized12\'
INFO: [VRFC 10-3107] analyzing entity '\game_dict_rom_blk_mem_gen_prim_width__parameterized13\'
INFO: [VRFC 10-3107] analyzing entity '\game_dict_rom_blk_mem_gen_prim_width__parameterized2\'
INFO: [VRFC 10-3107] analyzing entity '\game_dict_rom_blk_mem_gen_prim_width__parameterized3\'
INFO: [VRFC 10-3107] analyzing entity '\game_dict_rom_blk_mem_gen_prim_width__parameterized4\'
INFO: [VRFC 10-3107] analyzing entity '\game_dict_rom_blk_mem_gen_prim_width__parameterized5\'
INFO: [VRFC 10-3107] analyzing entity '\game_dict_rom_blk_mem_gen_prim_width__parameterized6\'
INFO: [VRFC 10-3107] analyzing entity '\game_dict_rom_blk_mem_gen_prim_width__parameterized7\'
INFO: [VRFC 10-3107] analyzing entity '\game_dict_rom_blk_mem_gen_prim_width__parameterized8\'
INFO: [VRFC 10-3107] analyzing entity '\game_dict_rom_blk_mem_gen_prim_width__parameterized9\'
INFO: [VRFC 10-3107] analyzing entity 'game_dict_rom_blk_mem_gen_generic_cstr'
INFO: [VRFC 10-3107] analyzing entity 'game_dict_rom_blk_mem_gen_top'
INFO: [VRFC 10-3107] analyzing entity 'game_dict_rom_blk_mem_gen_v8_4_2_synth'
INFO: [VRFC 10-3107] analyzing entity 'game_dict_rom_blk_mem_gen_v8_4_2'
INFO: [VRFC 10-3107] analyzing entity 'game_dict_rom'
INFO: [VRFC 10-3107] analyzing entity 'WORD_EXISTS'
INFO: [VRFC 10-3107] analyzing entity 'FSM2'
INFO: [VRFC 10-3107] analyzing entity 'WORDLE_TOP_LEVEL_SHELL2'
