
*** Running vivado
    with args -log WORDLE_TOP_LEVEL_SHELL2.vds -m64 -product Vivado -mode batch -messageDb vivado.pb -notrace -source WORDLE_TOP_LEVEL_SHELL2.tcl


****** Vivado v2018.3.1 (64-bit)
  **** SW Build 2489853 on Tue Mar 26 04:20:25 MDT 2019
  **** IP Build 2486929 on Tue Mar 26 06:44:21 MDT 2019
    ** Copyright 1986-2019 Xilinx, Inc. All Rights Reserved.

source WORDLE_TOP_LEVEL_SHELL2.tcl -notrace
Command: synth_design -top WORDLE_TOP_LEVEL_SHELL2 -part xc7a35tcpg236-1
Starting synth_design
Attempting to get a license for feature 'Synthesis' and/or device 'xc7a35t'
INFO: [Common 17-349] Got license for feature 'Synthesis' and/or device 'xc7a35t'
INFO: Launching helper process for spawning children vivado processes
INFO: Helper process launched with PID 32176 
---------------------------------------------------------------------------------
Starting RTL Elaboration : Time (s): cpu = 00:00:02 ; elapsed = 00:00:03 . Memory (MB): peak = 419.988 ; gain = 101.316
---------------------------------------------------------------------------------
INFO: [Synth 8-638] synthesizing module 'WORDLE_TOP_LEVEL_SHELL2' [C:/Users/mubar/Documents/ENGS31/es31-wordle/vivado_projects/master_project - fsm2 copy/master_project.srcs/sources_1/imports/top_level_2/top_level_shell_2.vhd:59]
	Parameter BAUD_COUNTER_TOP bound to: 868 - type: integer 
	Parameter BIT_COUNTER_TOP bound to: 10 - type: integer 
INFO: [Synth 8-3491] module 'SCI_RECEIVER' declared at 'C:/Users/mubar/Documents/ENGS31/es31-wordle/code/receiver/sci_receiver.vhd:53' bound to instance 'receiver' of component 'SCI_RECEIVER' [C:/Users/mubar/Documents/ENGS31/es31-wordle/vivado_projects/master_project - fsm2 copy/master_project.srcs/sources_1/imports/top_level_2/top_level_shell_2.vhd:157]
INFO: [Synth 8-638] synthesizing module 'SCI_RECEIVER' [C:/Users/mubar/Documents/ENGS31/es31-wordle/code/receiver/sci_receiver.vhd:76]
	Parameter BAUD_COUNTER_TOP bound to: 868 - type: integer 
	Parameter BIT_COUNTER_TOP bound to: 10 - type: integer 
WARNING: [Synth 8-6014] Unused sequential element current_state_bin_reg was removed.  [C:/Users/mubar/Documents/ENGS31/es31-wordle/code/receiver/sci_receiver.vhd:142]
INFO: [Synth 8-256] done synthesizing module 'SCI_RECEIVER' (1#1) [C:/Users/mubar/Documents/ENGS31/es31-wordle/code/receiver/sci_receiver.vhd:76]
INFO: [Synth 8-3491] module 'FSM2' declared at 'C:/Users/mubar/Documents/ENGS31/es31-wordle/code/fsm_2/fsm_2.vhd:32' bound to instance 'state_machine' of component 'FSM2' [C:/Users/mubar/Documents/ENGS31/es31-wordle/vivado_projects/master_project - fsm2 copy/master_project.srcs/sources_1/imports/top_level_2/top_level_shell_2.vhd:173]
INFO: [Synth 8-638] synthesizing module 'FSM2' [C:/Users/mubar/Documents/ENGS31/es31-wordle/code/fsm_2/fsm_2.vhd:49]
INFO: [Synth 8-3491] module 'WORD_EXISTS' declared at 'C:/Users/mubar/Documents/ENGS31/es31-wordle/code/word_exists/word_exists.vhd:41' bound to instance 'word_exist_block' of component 'WORD_EXISTS' [C:/Users/mubar/Documents/ENGS31/es31-wordle/code/fsm_2/fsm_2.vhd:202]
INFO: [Synth 8-638] synthesizing module 'WORD_EXISTS' [C:/Users/mubar/Documents/ENGS31/es31-wordle/code/word_exists/word_exists.vhd:59]
INFO: [Synth 8-3491] module 'game_dict_rom' declared at 'C:/Users/mubar/Documents/ENGS31/es31-wordle/vivado_projects/master_project - fsm2 copy/master_project.runs/synth_1/.Xil/Vivado-5856-Mubarak-XPS15/realtime/game_dict_rom_stub.vhdl:5' bound to instance 'wordle_dictionary' of component 'game_dict_rom' [C:/Users/mubar/Documents/ENGS31/es31-wordle/code/word_exists/word_exists.vhd:109]
INFO: [Synth 8-638] synthesizing module 'game_dict_rom' [C:/Users/mubar/Documents/ENGS31/es31-wordle/vivado_projects/master_project - fsm2 copy/master_project.runs/synth_1/.Xil/Vivado-5856-Mubarak-XPS15/realtime/game_dict_rom_stub.vhdl:14]
WARNING: [Synth 8-6014] Unused sequential element current_state_bin_reg was removed.  [C:/Users/mubar/Documents/ENGS31/es31-wordle/code/word_exists/word_exists.vhd:124]
INFO: [Synth 8-256] done synthesizing module 'WORD_EXISTS' (2#1) [C:/Users/mubar/Documents/ENGS31/es31-wordle/code/word_exists/word_exists.vhd:59]
INFO: [Synth 8-3491] module 'load_word' declared at 'C:/Users/mubar/Documents/ENGS31/es31-wordle/code/load_word/load_word.vhd:43' bound to instance 'word_loader' of component 'load_word' [C:/Users/mubar/Documents/ENGS31/es31-wordle/code/fsm_2/fsm_2.vhd:217]
INFO: [Synth 8-638] synthesizing module 'load_word' [C:/Users/mubar/Documents/ENGS31/es31-wordle/code/load_word/load_word.vhd:69]
INFO: [Synth 8-3491] module 'Check_Letter' declared at 'C:/Users/mubar/Documents/ENGS31/es31-wordle/code/check_letter/check_letter.vhd:42' bound to instance 'check_letter_block' of component 'Check_Letter' [C:/Users/mubar/Documents/ENGS31/es31-wordle/code/load_word/load_word.vhd:131]
INFO: [Synth 8-638] synthesizing module 'Check_Letter' [C:/Users/mubar/Documents/ENGS31/es31-wordle/code/check_letter/check_letter.vhd:61]
INFO: [Synth 8-256] done synthesizing module 'Check_Letter' (3#1) [C:/Users/mubar/Documents/ENGS31/es31-wordle/code/check_letter/check_letter.vhd:61]
INFO: [Synth 8-256] done synthesizing module 'load_word' (4#1) [C:/Users/mubar/Documents/ENGS31/es31-wordle/code/load_word/load_word.vhd:69]
INFO: [Synth 8-3491] module 'CheckGuess' declared at 'C:/Users/mubar/Documents/ENGS31/es31-wordle/code/check_guess_logic/check_guess.vhd:34' bound to instance 'guess_checker' of component 'CheckGuess' [C:/Users/mubar/Documents/ENGS31/es31-wordle/code/fsm_2/fsm_2.vhd:240]
INFO: [Synth 8-638] synthesizing module 'CheckGuess' [C:/Users/mubar/Documents/ENGS31/es31-wordle/code/check_guess_logic/check_guess.vhd:46]
INFO: [Synth 8-256] done synthesizing module 'CheckGuess' (5#1) [C:/Users/mubar/Documents/ENGS31/es31-wordle/code/check_guess_logic/check_guess.vhd:46]
INFO: [Synth 8-3491] module 'game_dict_rom' declared at 'C:/Users/mubar/Documents/ENGS31/es31-wordle/vivado_projects/master_project - fsm2 copy/master_project.runs/synth_1/.Xil/Vivado-5856-Mubarak-XPS15/realtime/game_dict_rom_stub.vhdl:5' bound to instance 'dictionary' of component 'game_dict_rom' [C:/Users/mubar/Documents/ENGS31/es31-wordle/code/fsm_2/fsm_2.vhd:256]
INFO: [Synth 8-256] done synthesizing module 'FSM2' (6#1) [C:/Users/mubar/Documents/ENGS31/es31-wordle/code/fsm_2/fsm_2.vhd:49]
	Parameter BAUD_COUNTER_TOP bound to: 868 - type: integer 
	Parameter BIT_COUNTER_TOP bound to: 10 - type: integer 
INFO: [Synth 8-3491] module 'SCI_Transmitter' declared at 'C:/Users/mubar/Documents/ENGS31/es31-wordle/vivado_projects/master_project - fsm2 copy/master_project.srcs/sources_1/imports/transmitter/sci_transmitter.vhd:49' bound to instance 'transmitter' of component 'SCI_Transmitter' [C:/Users/mubar/Documents/ENGS31/es31-wordle/vivado_projects/master_project - fsm2 copy/master_project.srcs/sources_1/imports/top_level_2/top_level_shell_2.vhd:185]
INFO: [Synth 8-638] synthesizing module 'SCI_Transmitter' [C:/Users/mubar/Documents/ENGS31/es31-wordle/vivado_projects/master_project - fsm2 copy/master_project.srcs/sources_1/imports/transmitter/sci_transmitter.vhd:71]
	Parameter BAUD_COUNTER_TOP bound to: 868 - type: integer 
	Parameter BIT_COUNTER_TOP bound to: 10 - type: integer 
WARNING: [Synth 8-4767] Trying to implement RAM 'queue_reg_reg' in registers. Block RAM or DRAM implementation is not possible; see log for reasons.
Reason is one or more of the following :
	1: RAM has multiple writes via different ports in same process. If RAM inferencing intended, write to one port per process. 
	2: Unable to determine number of words or word size in RAM. 
	3: No valid read/write found for RAM. 
RAM "queue_reg_reg" dissolved into registers
INFO: [Synth 8-256] done synthesizing module 'SCI_Transmitter' (7#1) [C:/Users/mubar/Documents/ENGS31/es31-wordle/vivado_projects/master_project - fsm2 copy/master_project.srcs/sources_1/imports/transmitter/sci_transmitter.vhd:71]
INFO: [Synth 8-256] done synthesizing module 'WORDLE_TOP_LEVEL_SHELL2' (8#1) [C:/Users/mubar/Documents/ENGS31/es31-wordle/vivado_projects/master_project - fsm2 copy/master_project.srcs/sources_1/imports/top_level_2/top_level_shell_2.vhd:59]
---------------------------------------------------------------------------------
Finished RTL Elaboration : Time (s): cpu = 00:00:03 ; elapsed = 00:00:04 . Memory (MB): peak = 476.641 ; gain = 157.969
---------------------------------------------------------------------------------

Report Check Netlist: 
+------+------------------+-------+---------+-------+------------------+
|      |Item              |Errors |Warnings |Status |Description       |
+------+------------------+-------+---------+-------+------------------+
|1     |multi_driven_nets |      0|        0|Passed |Multi driven nets |
+------+------------------+-------+---------+-------+------------------+
---------------------------------------------------------------------------------
Start Handling Custom Attributes
---------------------------------------------------------------------------------
---------------------------------------------------------------------------------
Finished Handling Custom Attributes : Time (s): cpu = 00:00:03 ; elapsed = 00:00:04 . Memory (MB): peak = 476.641 ; gain = 157.969
---------------------------------------------------------------------------------
---------------------------------------------------------------------------------
Finished RTL Optimization Phase 1 : Time (s): cpu = 00:00:03 ; elapsed = 00:00:04 . Memory (MB): peak = 476.641 ; gain = 157.969
---------------------------------------------------------------------------------
INFO: [Device 21-403] Loading part xc7a35tcpg236-1
INFO: [Project 1-570] Preparing netlist for logic optimization

Processing XDC Constraints
Initializing timing engine
Parsing XDC File [c:/Users/mubar/Documents/ENGS31/es31-wordle/vivado_projects/master_project - fsm2 copy/master_project.srcs/sources_1/ip/game_dict_rom/game_dict_rom/game_dict_rom_in_context.xdc] for cell 'state_machine/word_exist_block/wordle_dictionary'
Finished Parsing XDC File [c:/Users/mubar/Documents/ENGS31/es31-wordle/vivado_projects/master_project - fsm2 copy/master_project.srcs/sources_1/ip/game_dict_rom/game_dict_rom/game_dict_rom_in_context.xdc] for cell 'state_machine/word_exist_block/wordle_dictionary'
Parsing XDC File [c:/Users/mubar/Documents/ENGS31/es31-wordle/vivado_projects/master_project - fsm2 copy/master_project.srcs/sources_1/ip/game_dict_rom/game_dict_rom/game_dict_rom_in_context.xdc] for cell 'state_machine/dictionary'
Finished Parsing XDC File [c:/Users/mubar/Documents/ENGS31/es31-wordle/vivado_projects/master_project - fsm2 copy/master_project.srcs/sources_1/ip/game_dict_rom/game_dict_rom/game_dict_rom_in_context.xdc] for cell 'state_machine/dictionary'
Parsing XDC File [C:/Users/mubar/Documents/ENGS31/es31-wordle/constraint_files/wordle_constraints.xdc]
Finished Parsing XDC File [C:/Users/mubar/Documents/ENGS31/es31-wordle/constraint_files/wordle_constraints.xdc]
INFO: [Project 1-236] Implementation specific constraints were found while reading constraint file [C:/Users/mubar/Documents/ENGS31/es31-wordle/constraint_files/wordle_constraints.xdc]. These constraints will be ignored for synthesis but will be used in implementation. Impacted constraints are listed in the file [.Xil/WORDLE_TOP_LEVEL_SHELL2_propImpl.xdc].
Resolution: To avoid this warning, move constraints listed in [.Xil/WORDLE_TOP_LEVEL_SHELL2_propImpl.xdc] to another XDC file and exclude this new file from synthesis with the used_in_synthesis property (File Properties dialog in GUI) and re-run elaboration/synthesis.
Netlist sorting complete. Time (s): cpu = 00:00:00 ; elapsed = 00:00:00 . Memory (MB): peak = 814.836 ; gain = 0.000
Completed Processing XDC Constraints

Netlist sorting complete. Time (s): cpu = 00:00:00 ; elapsed = 00:00:00.001 . Memory (MB): peak = 814.906 ; gain = 0.000
INFO: [Project 1-111] Unisim Transformation Summary:
No Unisim elements were transformed.

Netlist sorting complete. Time (s): cpu = 00:00:00 ; elapsed = 00:00:00 . Memory (MB): peak = 814.906 ; gain = 0.000
Constraint Validation Runtime : Time (s): cpu = 00:00:00 ; elapsed = 00:00:00.005 . Memory (MB): peak = 814.906 ; gain = 0.000
WARNING: [Timing 38-316] Clock period '20.000' specified during out-of-context synthesis of instance 'state_machine/dictionary' at clock pin 'clka' is different from the actual clock period '10.000', this can lead to different synthesis results.
WARNING: [Timing 38-316] Clock period '20.000' specified during out-of-context synthesis of instance 'state_machine/word_exist_block/wordle_dictionary' at clock pin 'clka' is different from the actual clock period '10.000', this can lead to different synthesis results.
---------------------------------------------------------------------------------
Finished Constraint Validation : Time (s): cpu = 00:00:07 ; elapsed = 00:00:12 . Memory (MB): peak = 816.410 ; gain = 497.738
---------------------------------------------------------------------------------
---------------------------------------------------------------------------------
Start Loading Part and Timing Information
---------------------------------------------------------------------------------
Loading part: xc7a35tcpg236-1
---------------------------------------------------------------------------------
Finished Loading Part and Timing Information : Time (s): cpu = 00:00:07 ; elapsed = 00:00:12 . Memory (MB): peak = 816.410 ; gain = 497.738
---------------------------------------------------------------------------------
---------------------------------------------------------------------------------
Start Applying 'set_property' XDC Constraints
---------------------------------------------------------------------------------
Applied set_property DONT_TOUCH = true for state_machine/dictionary. (constraint file  auto generated constraint, line ).
Applied set_property DONT_TOUCH = true for state_machine/word_exist_block/wordle_dictionary. (constraint file  auto generated constraint, line ).
---------------------------------------------------------------------------------
Finished applying 'set_property' XDC Constraints : Time (s): cpu = 00:00:07 ; elapsed = 00:00:12 . Memory (MB): peak = 816.410 ; gain = 497.738
---------------------------------------------------------------------------------
INFO: [Synth 8-802] inferred FSM for state register 'current_state_reg' in module 'SCI_RECEIVER'
INFO: [Synth 8-5544] ROM "bit_tc" won't be mapped to Block RAM because address size (4) smaller than threshold (5)
INFO: [Synth 8-5546] ROM "baud_start_tc" won't be mapped to RAM because it is too sparse
INFO: [Synth 8-5546] ROM "baud_tc" won't be mapped to RAM because it is too sparse
INFO: [Synth 8-5544] ROM "register_reset" won't be mapped to Block RAM because address size (3) smaller than threshold (5)
INFO: [Synth 8-5544] ROM "shift_en" won't be mapped to Block RAM because address size (3) smaller than threshold (5)
INFO: [Synth 8-5544] ROM "rx_error_output" won't be mapped to Block RAM because address size (3) smaller than threshold (5)
INFO: [Synth 8-5544] ROM "rx_done_output" won't be mapped to Block RAM because address size (3) smaller than threshold (5)
INFO: [Synth 8-5544] ROM "bit_reset" won't be mapped to Block RAM because address size (3) smaller than threshold (5)
INFO: [Synth 8-5544] ROM "baud_reset" won't be mapped to Block RAM because address size (3) smaller than threshold (5)
INFO: [Synth 8-5544] ROM "next_state" won't be mapped to Block RAM because address size (1) smaller than threshold (5)
INFO: [Synth 8-5544] ROM "next_state" won't be mapped to Block RAM because address size (1) smaller than threshold (5)
INFO: [Synth 8-802] inferred FSM for state register 'current_state_reg' in module 'WORD_EXISTS'
INFO: [Synth 8-5546] ROM "counter_tc" won't be mapped to RAM because it is too sparse
INFO: [Synth 8-5544] ROM "counter_reset" won't be mapped to Block RAM because address size (2) smaller than threshold (5)
INFO: [Synth 8-5544] ROM "not_in_dict" won't be mapped to Block RAM because address size (2) smaller than threshold (5)
INFO: [Synth 8-5544] ROM "is_dict_word" won't be mapped to Block RAM because address size (2) smaller than threshold (5)
INFO: [Synth 8-5546] ROM "is_backspace" won't be mapped to RAM because it is too sparse
INFO: [Synth 8-5546] ROM "is_enter" won't be mapped to RAM because it is too sparse
INFO: [Synth 8-5818] HDL ADVISOR - The operator resource <adder> is shared. To prevent sharing consider applying a KEEP on the output of the operator [C:/Users/mubar/Documents/ENGS31/es31-wordle/code/load_word/load_word.vhd:179]
INFO: [Synth 8-5544] ROM "word_full" won't be mapped to Block RAM because address size (3) smaller than threshold (5)
INFO: [Synth 8-5545] ROM "word_chars_reg_reg[0]" won't be mapped to RAM because address size (32) is larger than maximum supported(25)
INFO: [Synth 8-5545] ROM "word_chars_reg_reg[1]" won't be mapped to RAM because address size (32) is larger than maximum supported(25)
INFO: [Synth 8-5545] ROM "word_chars_reg_reg[2]" won't be mapped to RAM because address size (32) is larger than maximum supported(25)
INFO: [Synth 8-5545] ROM "word_chars_reg_reg[3]" won't be mapped to RAM because address size (32) is larger than maximum supported(25)
INFO: [Synth 8-5545] ROM "word_chars_reg_reg[4]" won't be mapped to RAM because address size (32) is larger than maximum supported(25)
INFO: [Synth 8-802] inferred FSM for state register 'current_state_reg' in module 'CheckGuess'
INFO: [Synth 8-5545] ROM "sol_addr" won't be mapped to RAM because address size (32) is larger than maximum supported(25)
INFO: [Synth 8-5545] ROM "guess_addr" won't be mapped to RAM because address size (32) is larger than maximum supported(25)
INFO: [Synth 8-5545] ROM "guess_count_en" won't be mapped to RAM because address size (32) is larger than maximum supported(25)
INFO: [Synth 8-802] inferred FSM for state register 'current_state_reg' in module 'FSM2'
INFO: [Synth 8-5545] ROM "max_tries_reached" won't be mapped to RAM because address size (32) is larger than maximum supported(25)
INFO: [Synth 8-5545] ROM "num_tries" won't be mapped to RAM because address size (32) is larger than maximum supported(25)
INFO: [Synth 8-5544] ROM "next_state" won't be mapped to Block RAM because address size (1) smaller than threshold (5)
INFO: [Synth 8-5546] ROM "next_state" won't be mapped to RAM because it is too sparse
INFO: [Synth 8-5544] ROM "next_state" won't be mapped to Block RAM because address size (1) smaller than threshold (5)
INFO: [Synth 8-5818] HDL ADVISOR - The operator resource <adder> is shared. To prevent sharing consider applying a KEEP on the output of the operator [C:/Users/mubar/Documents/ENGS31/es31-wordle/vivado_projects/master_project - fsm2 copy/master_project.srcs/sources_1/imports/transmitter/sci_transmitter.vhd:150]
INFO: [Synth 8-5545] ROM "empty" won't be mapped to RAM because address size (32) is larger than maximum supported(25)
INFO: [Synth 8-5545] ROM "w_addr" won't be mapped to RAM because address size (32) is larger than maximum supported(25)
INFO: [Synth 8-5545] ROM "r_addr" won't be mapped to RAM because address size (32) is larger than maximum supported(25)
INFO: [Synth 8-5546] ROM "tc" won't be mapped to RAM because it is too sparse
INFO: [Synth 8-5545] ROM "num_bits_sent" won't be mapped to RAM because address size (32) is larger than maximum supported(25)
INFO: [Synth 8-5545] ROM "num_bits_sent" won't be mapped to RAM because address size (32) is larger than maximum supported(25)
INFO: [Synth 8-5545] ROM "block_sent" won't be mapped to RAM because address size (32) is larger than maximum supported(25)
---------------------------------------------------------------------------------------------------
                   State |                     New Encoding |                Previous Encoding 
---------------------------------------------------------------------------------------------------
                   swait |                              000 |                              000
  ssamplestartbitcounter |                              001 |                              001
               sshiftbit |                              010 |                              010
            sparallelout |                              011 |                              100
              srxsuccess |                              100 |                              101
                 srxfail |                              101 |                              110
       ssamplebitcounter |                              110 |                              011
---------------------------------------------------------------------------------------------------
INFO: [Synth 8-3354] encoded FSM with state register 'current_state_reg' using encoding 'sequential' in module 'SCI_RECEIVER'
---------------------------------------------------------------------------------------------------
                   State |                     New Encoding |                Previous Encoding 
---------------------------------------------------------------------------------------------------
                   swait |                             0001 |                               00
            scountenable |                             0010 |                               01
                 sindict |                             0100 |                               10
              snotindict |                             1000 |                               11
---------------------------------------------------------------------------------------------------
INFO: [Synth 8-3354] encoded FSM with state register 'current_state_reg' using encoding 'one-hot' in module 'WORD_EXISTS'
---------------------------------------------------------------------------------------------------
                   State |                     New Encoding |                Previous Encoding 
---------------------------------------------------------------------------------------------------
                    idle |                              001 |                               00
          checkrightlocs |                              010 |                               01
          checkwronglocs |                              100 |                               10
---------------------------------------------------------------------------------------------------
INFO: [Synth 8-3354] encoded FSM with state register 'current_state_reg' using encoding 'one-hot' in module 'CheckGuess'
---------------------------------------------------------------------------------------------------
                   State |                     New Encoding |                Previous Encoding 
---------------------------------------------------------------------------------------------------
                snewgame |      000000000000000000000000001 |                            00000
             ssenduserin |      000000000000000000000000010 |                            00010
             ssenddelete |      000000000000000000000000100 |                            00100
             ssendletter |      000000000000000000000001000 |                            00011
                   sidle |      000000000000000000000010000 |                            00001
         sdisplayresults |      000000000000000000000100000 |                            00101
               ssendcol1 |      000000000000000000001000000 |                            00110
               ssendcol2 |      000000000000000000010000000 |                            00111
               ssendcol3 |      000000000000000000100000000 |                            01000
               ssendcol4 |      000000000000000001000000000 |                            01001
               ssendcol5 |      000000000000000010000000000 |                            01010
              ssendenter |      000000000000000100000000000 |                            01011
                    swin |      000000000000001000000000000 |                            01100
                   slose |      000000000000010000000000000 |                            01101
               ssendsol1 |      000000000000100000000000000 |                            01110
               ssendsol2 |      000000000001000000000000000 |                            01111
               ssendsol3 |      000000000010000000000000000 |                            10000
               ssendsol4 |      000000000100000000000000000 |                            10001
               ssendsol5 |      000000001000000000000000000 |                            10010
          ssendloseenter |      000000010000000000000000000 |                            11010
                  sdash1 |      000000100000000000000000000 |                            10101
                  sdash2 |      000001000000000000000000000 |                            10110
                  sdash3 |      000010000000000000000000000 |                            10111
                  sdash4 |      000100000000000000000000000 |                            11000
                  sdash5 |      001000000000000000000000000 |                            11001
           ssendendenter |      010000000000000000000000000 |                            10011
          ssendlastenter |      100000000000000000000000000 |                            10100
---------------------------------------------------------------------------------------------------
INFO: [Synth 8-3354] encoded FSM with state register 'current_state_reg' using encoding 'one-hot' in module 'FSM2'
---------------------------------------------------------------------------------
Finished RTL Optimization Phase 2 : Time (s): cpu = 00:00:07 ; elapsed = 00:00:14 . Memory (MB): peak = 816.410 ; gain = 497.738
---------------------------------------------------------------------------------

Report RTL Partitions: 
+-+--------------+------------+----------+
| |RTL Partition |Replication |Instances |
+-+--------------+------------+----------+
+-+--------------+------------+----------+
---------------------------------------------------------------------------------
Start RTL Component Statistics 
---------------------------------------------------------------------------------
Detailed RTL Component Info : 
+---Adders : 
	   2 Input     32 Bit       Adders := 6     
	   2 Input     14 Bit       Adders := 1     
	   2 Input     10 Bit       Adders := 2     
	   2 Input      8 Bit       Adders := 1     
	   2 Input      4 Bit       Adders := 1     
	   2 Input      3 Bit       Adders := 1     
+---Registers : 
	               40 Bit    Registers := 1     
	               32 Bit    Registers := 6     
	               14 Bit    Registers := 1     
	               10 Bit    Registers := 4     
	                8 Bit    Registers := 46    
	                5 Bit    Registers := 4     
	                4 Bit    Registers := 1     
	                3 Bit    Registers := 1     
	                1 Bit    Registers := 9     
+---Muxes : 
	   2 Input    192 Bit        Muxes := 1     
	   2 Input     32 Bit        Muxes := 6     
	  27 Input     27 Bit        Muxes := 1     
	   2 Input     27 Bit        Muxes := 4     
	   2 Input     14 Bit        Muxes := 1     
	   3 Input     10 Bit        Muxes := 2     
	   2 Input     10 Bit        Muxes := 1     
	   2 Input      8 Bit        Muxes := 40    
	   2 Input      5 Bit        Muxes := 4     
	  27 Input      5 Bit        Muxes := 1     
	   2 Input      4 Bit        Muxes := 3     
	   4 Input      4 Bit        Muxes := 1     
	   7 Input      3 Bit        Muxes := 1     
	   2 Input      3 Bit        Muxes := 2     
	   2 Input      2 Bit        Muxes := 1     
	   2 Input      1 Bit        Muxes := 28    
	   7 Input      1 Bit        Muxes := 7     
	   4 Input      1 Bit        Muxes := 2     
	   3 Input      1 Bit        Muxes := 2     
	  27 Input      1 Bit        Muxes := 1     
	  22 Input      1 Bit        Muxes := 1     
---------------------------------------------------------------------------------
Finished RTL Component Statistics 
---------------------------------------------------------------------------------
---------------------------------------------------------------------------------
Start RTL Hierarchical Component Statistics 
---------------------------------------------------------------------------------
Hierarchical RTL Component report 
Module SCI_RECEIVER 
Detailed RTL Component Info : 
+---Adders : 
	   2 Input     10 Bit       Adders := 1     
	   2 Input      4 Bit       Adders := 1     
+---Registers : 
	               10 Bit    Registers := 2     
	                8 Bit    Registers := 1     
	                4 Bit    Registers := 1     
	                1 Bit    Registers := 2     
+---Muxes : 
	   2 Input      4 Bit        Muxes := 1     
	   7 Input      3 Bit        Muxes := 1     
	   2 Input      3 Bit        Muxes := 2     
	   2 Input      1 Bit        Muxes := 4     
	   7 Input      1 Bit        Muxes := 7     
Module WORD_EXISTS 
Detailed RTL Component Info : 
+---Muxes : 
	   4 Input      4 Bit        Muxes := 1     
	   2 Input      4 Bit        Muxes := 2     
	   2 Input      1 Bit        Muxes := 2     
	   4 Input      1 Bit        Muxes := 2     
Module Check_Letter 
Detailed RTL Component Info : 
+---Adders : 
	   2 Input      8 Bit       Adders := 1     
+---Muxes : 
	   2 Input      1 Bit        Muxes := 2     
Module load_word 
Detailed RTL Component Info : 
+---Adders : 
	   2 Input      3 Bit       Adders := 1     
+---Registers : 
	                8 Bit    Registers := 10    
	                3 Bit    Registers := 1     
	                1 Bit    Registers := 2     
+---Muxes : 
	   2 Input      2 Bit        Muxes := 1     
	   2 Input      1 Bit        Muxes := 8     
Module CheckGuess 
Detailed RTL Component Info : 
+---Adders : 
	   2 Input     32 Bit       Adders := 2     
+---Registers : 
	               32 Bit    Registers := 2     
	                8 Bit    Registers := 10    
	                5 Bit    Registers := 4     
	                1 Bit    Registers := 1     
+---Muxes : 
	   2 Input     32 Bit        Muxes := 2     
	   2 Input      5 Bit        Muxes := 4     
	   3 Input      1 Bit        Muxes := 1     
	   2 Input      1 Bit        Muxes := 5     
Module FSM2 
Detailed RTL Component Info : 
+---Adders : 
	   2 Input     32 Bit       Adders := 1     
	   2 Input     14 Bit       Adders := 1     
+---Registers : 
	               40 Bit    Registers := 1     
	               32 Bit    Registers := 1     
	               14 Bit    Registers := 1     
	                8 Bit    Registers := 1     
	                1 Bit    Registers := 2     
+---Muxes : 
	   2 Input     32 Bit        Muxes := 1     
	  27 Input     27 Bit        Muxes := 1     
	   2 Input     27 Bit        Muxes := 4     
	   2 Input     14 Bit        Muxes := 1     
	   2 Input      8 Bit        Muxes := 10    
	  27 Input      5 Bit        Muxes := 1     
	   2 Input      1 Bit        Muxes := 2     
	  27 Input      1 Bit        Muxes := 1     
	  22 Input      1 Bit        Muxes := 1     
Module SCI_Transmitter 
Detailed RTL Component Info : 
+---Adders : 
	   2 Input     32 Bit       Adders := 3     
	   2 Input     10 Bit       Adders := 1     
+---Registers : 
	               32 Bit    Registers := 3     
	               10 Bit    Registers := 2     
	                8 Bit    Registers := 24    
	                1 Bit    Registers := 2     
+---Muxes : 
	   2 Input    192 Bit        Muxes := 1     
	   2 Input     32 Bit        Muxes := 3     
	   3 Input     10 Bit        Muxes := 2     
	   2 Input     10 Bit        Muxes := 1     
	   2 Input      8 Bit        Muxes := 30    
	   3 Input      1 Bit        Muxes := 1     
	   2 Input      1 Bit        Muxes := 5     
---------------------------------------------------------------------------------
Finished RTL Hierarchical Component Statistics
---------------------------------------------------------------------------------
---------------------------------------------------------------------------------
Start Part Resource Summary
---------------------------------------------------------------------------------
Part Resources:
DSPs: 90 (col length:60)
BRAMs: 100 (col length: RAMB18 60 RAMB36 30)
---------------------------------------------------------------------------------
Finished Part Resource Summary
---------------------------------------------------------------------------------
---------------------------------------------------------------------------------
Start Cross Boundary and Area Optimization
---------------------------------------------------------------------------------
Warning: Parallel synthesis criteria is not met 
INFO: [Synth 8-5545] ROM "full__00" won't be mapped to RAM because address size (32) is larger than maximum supported(25)
INFO: [Synth 8-5545] ROM "empty" won't be mapped to RAM because address size (32) is larger than maximum supported(25)
INFO: [Synth 8-5545] ROM "num_bits_sent" won't be mapped to RAM because address size (32) is larger than maximum supported(25)
INFO: [Synth 8-5545] ROM "num_bits_sent" won't be mapped to RAM because address size (32) is larger than maximum supported(25)
INFO: [Synth 8-5545] ROM "block_sent" won't be mapped to RAM because address size (32) is larger than maximum supported(25)
INFO: [Synth 8-5546] ROM "tc" won't be mapped to RAM because it is too sparse
INFO: [Synth 8-5545] ROM "r_addr" won't be mapped to RAM because address size (32) is larger than maximum supported(25)
INFO: [Synth 8-5545] ROM "w_addr" won't be mapped to RAM because address size (32) is larger than maximum supported(25)
INFO: [Synth 8-5546] ROM "state_machine/next_state" won't be mapped to RAM because it is too sparse
INFO: [Synth 8-5546] ROM "receiver/baud_start_tc" won't be mapped to RAM because it is too sparse
INFO: [Synth 8-5546] ROM "receiver/baud_tc" won't be mapped to RAM because it is too sparse
INFO: [Synth 8-5546] ROM "state_machine/word_exist_block/counter_tc" won't be mapped to RAM because it is too sparse
INFO: [Synth 8-5546] ROM "state_machine/word_loader/check_letter_block/is_backspace" won't be mapped to RAM because it is too sparse
INFO: [Synth 8-5546] ROM "state_machine/word_loader/check_letter_block/is_enter" won't be mapped to RAM because it is too sparse
INFO: [Synth 8-5545] ROM "state_machine/word_loader/word_chars_reg_reg[0]" won't be mapped to RAM because address size (32) is larger than maximum supported(25)
INFO: [Synth 8-5545] ROM "state_machine/word_loader/word_chars_reg_reg[1]" won't be mapped to RAM because address size (32) is larger than maximum supported(25)
INFO: [Synth 8-5545] ROM "state_machine/word_loader/word_chars_reg_reg[2]" won't be mapped to RAM because address size (32) is larger than maximum supported(25)
INFO: [Synth 8-5545] ROM "state_machine/word_loader/word_chars_reg_reg[3]" won't be mapped to RAM because address size (32) is larger than maximum supported(25)
INFO: [Synth 8-5545] ROM "state_machine/word_loader/word_chars_reg_reg[4]" won't be mapped to RAM because address size (32) is larger than maximum supported(25)
INFO: [Synth 8-5545] ROM "state_machine/guess_checker/sol_addr" won't be mapped to RAM because address size (32) is larger than maximum supported(25)
INFO: [Synth 8-5545] ROM "state_machine/guess_checker/guess_count_en" won't be mapped to RAM because address size (32) is larger than maximum supported(25)
INFO: [Synth 8-5545] ROM "state_machine/guess_checker/guess_addr" won't be mapped to RAM because address size (32) is larger than maximum supported(25)
INFO: [Synth 8-5545] ROM "state_machine/num_tries" won't be mapped to RAM because address size (32) is larger than maximum supported(25)
INFO: [Synth 8-5545] ROM "state_machine/max_tries_reached" won't be mapped to RAM because address size (32) is larger than maximum supported(25)
---------------------------------------------------------------------------------
Finished Cross Boundary and Area Optimization : Time (s): cpu = 00:00:12 ; elapsed = 00:00:23 . Memory (MB): peak = 816.410 ; gain = 497.738
---------------------------------------------------------------------------------

Report RTL Partitions: 
+-+--------------+------------+----------+
| |RTL Partition |Replication |Instances |
+-+--------------+------------+----------+
+-+--------------+------------+----------+
---------------------------------------------------------------------------------
Start Applying XDC Timing Constraints
---------------------------------------------------------------------------------
---------------------------------------------------------------------------------
Finished Applying XDC Timing Constraints : Time (s): cpu = 00:00:18 ; elapsed = 00:00:31 . Memory (MB): peak = 816.410 ; gain = 497.738
---------------------------------------------------------------------------------
---------------------------------------------------------------------------------
Start Timing Optimization
---------------------------------------------------------------------------------
---------------------------------------------------------------------------------
Finished Timing Optimization : Time (s): cpu = 00:00:23 ; elapsed = 00:00:36 . Memory (MB): peak = 941.590 ; gain = 622.918
---------------------------------------------------------------------------------

Report RTL Partitions: 
+-+--------------+------------+----------+
| |RTL Partition |Replication |Instances |
+-+--------------+------------+----------+
+-+--------------+------------+----------+
---------------------------------------------------------------------------------
Start Technology Mapping
---------------------------------------------------------------------------------
---------------------------------------------------------------------------------
Finished Technology Mapping : Time (s): cpu = 00:00:23 ; elapsed = 00:00:37 . Memory (MB): peak = 942.676 ; gain = 624.004
---------------------------------------------------------------------------------

Report RTL Partitions: 
+-+--------------+------------+----------+
| |RTL Partition |Replication |Instances |
+-+--------------+------------+----------+
+-+--------------+------------+----------+
---------------------------------------------------------------------------------
Start IO Insertion
---------------------------------------------------------------------------------
---------------------------------------------------------------------------------
Start Flattening Before IO Insertion
---------------------------------------------------------------------------------
---------------------------------------------------------------------------------
Finished Flattening Before IO Insertion
---------------------------------------------------------------------------------
---------------------------------------------------------------------------------
Start Final Netlist Cleanup
---------------------------------------------------------------------------------
---------------------------------------------------------------------------------
Finished Final Netlist Cleanup
---------------------------------------------------------------------------------
---------------------------------------------------------------------------------
Finished IO Insertion : Time (s): cpu = 00:00:24 ; elapsed = 00:00:38 . Memory (MB): peak = 942.676 ; gain = 624.004
---------------------------------------------------------------------------------

Report Check Netlist: 
+------+------------------+-------+---------+-------+------------------+
|      |Item              |Errors |Warnings |Status |Description       |
+------+------------------+-------+---------+-------+------------------+
|1     |multi_driven_nets |      0|        0|Passed |Multi driven nets |
+------+------------------+-------+---------+-------+------------------+
---------------------------------------------------------------------------------
Start Renaming Generated Instances
---------------------------------------------------------------------------------
---------------------------------------------------------------------------------
Finished Renaming Generated Instances : Time (s): cpu = 00:00:24 ; elapsed = 00:00:38 . Memory (MB): peak = 942.676 ; gain = 624.004
---------------------------------------------------------------------------------

Report RTL Partitions: 
+-+--------------+------------+----------+
| |RTL Partition |Replication |Instances |
+-+--------------+------------+----------+
+-+--------------+------------+----------+
---------------------------------------------------------------------------------
Start Rebuilding User Hierarchy
---------------------------------------------------------------------------------
---------------------------------------------------------------------------------
Finished Rebuilding User Hierarchy : Time (s): cpu = 00:00:24 ; elapsed = 00:00:38 . Memory (MB): peak = 942.676 ; gain = 624.004
---------------------------------------------------------------------------------
---------------------------------------------------------------------------------
Start Renaming Generated Ports
---------------------------------------------------------------------------------
---------------------------------------------------------------------------------
Finished Renaming Generated Ports : Time (s): cpu = 00:00:24 ; elapsed = 00:00:38 . Memory (MB): peak = 942.676 ; gain = 624.004
---------------------------------------------------------------------------------
---------------------------------------------------------------------------------
Start Handling Custom Attributes
---------------------------------------------------------------------------------
---------------------------------------------------------------------------------
Finished Handling Custom Attributes : Time (s): cpu = 00:00:24 ; elapsed = 00:00:39 . Memory (MB): peak = 942.676 ; gain = 624.004
---------------------------------------------------------------------------------
---------------------------------------------------------------------------------
Start Renaming Generated Nets
---------------------------------------------------------------------------------
---------------------------------------------------------------------------------
Finished Renaming Generated Nets : Time (s): cpu = 00:00:24 ; elapsed = 00:00:39 . Memory (MB): peak = 942.676 ; gain = 624.004
---------------------------------------------------------------------------------
---------------------------------------------------------------------------------
Start Writing Synthesis Report
---------------------------------------------------------------------------------

Report BlackBoxes: 
+------+--------------+----------+
|      |BlackBox name |Instances |
+------+--------------+----------+
|1     |game_dict_rom |         2|
+------+--------------+----------+

Report Cell Usage: 
+------+---------------------+------+
|      |Cell                 |Count |
+------+---------------------+------+
|1     |game_dict_rom_bbox_1 |     1|
|2     |game_dict_rom_bbox_2 |     1|
|3     |BUFG                 |     1|
|4     |CARRY4               |    76|
|5     |LUT1                 |     8|
|6     |LUT2                 |    97|
|7     |LUT3                 |    79|
|8     |LUT4                 |    89|
|9     |LUT5                 |   111|
|10    |LUT6                 |   468|
|11    |FDRE                 |   793|
|12    |FDSE                 |    11|
|13    |IBUF                 |     2|
|14    |OBUF                 |     9|
+------+---------------------+------+

Report Instance Areas: 
+------+---------------------+----------------+------+
|      |Instance             |Module          |Cells |
+------+---------------------+----------------+------+
|1     |top                  |                |  1824|
|2     |  receiver           |SCI_RECEIVER    |    80|
|3     |  state_machine      |FSM2            |   890|
|4     |    guess_checker    |CheckGuess      |   383|
|5     |    word_exist_block |WORD_EXISTS     |    89|
|6     |    word_loader      |load_word       |   183|
|7     |  transmitter        |SCI_Transmitter |   842|
+------+---------------------+----------------+------+
---------------------------------------------------------------------------------
Finished Writing Synthesis Report : Time (s): cpu = 00:00:24 ; elapsed = 00:00:39 . Memory (MB): peak = 942.676 ; gain = 624.004
---------------------------------------------------------------------------------
Synthesis finished with 0 errors, 0 critical warnings and 0 warnings.
Synthesis Optimization Runtime : Time (s): cpu = 00:00:19 ; elapsed = 00:00:33 . Memory (MB): peak = 942.676 ; gain = 284.234
Synthesis Optimization Complete : Time (s): cpu = 00:00:25 ; elapsed = 00:00:39 . Memory (MB): peak = 942.676 ; gain = 624.004
INFO: [Project 1-571] Translating synthesized netlist
INFO: [Netlist 29-17] Analyzing 76 Unisim elements for replacement
INFO: [Netlist 29-28] Unisim Transformation completed in 0 CPU seconds
INFO: [Project 1-570] Preparing netlist for logic optimization
INFO: [Opt 31-138] Pushed 0 inverter(s) to 0 load pin(s).
Netlist sorting complete. Time (s): cpu = 00:00:00 ; elapsed = 00:00:00 . Memory (MB): peak = 942.676 ; gain = 0.000
INFO: [Project 1-111] Unisim Transformation Summary:
No Unisim elements were transformed.

INFO: [Common 17-83] Releasing license: Synthesis
110 Infos, 5 Warnings, 0 Critical Warnings and 0 Errors encountered.
synth_design completed successfully
synth_design: Time (s): cpu = 00:00:26 ; elapsed = 00:00:41 . Memory (MB): peak = 942.676 ; gain = 635.508
Netlist sorting complete. Time (s): cpu = 00:00:00 ; elapsed = 00:00:00.001 . Memory (MB): peak = 942.676 ; gain = 0.000
WARNING: [Constraints 18-5210] No constraints selected for write.
Resolution: This message can indicate that there are no constraints for the design, or it can indicate that the used_in flags are set such that the constraints are ignored. This later case is used when running synth_design to not write synthesis constraints to the resulting checkpoint. Instead, project constraints are read when the synthesized design is opened.
INFO: [Common 17-1381] The checkpoint 'C:/Users/mubar/Documents/ENGS31/es31-wordle/vivado_projects/master_project - fsm2 copy/master_project.runs/synth_1/WORDLE_TOP_LEVEL_SHELL2.dcp' has been generated.
INFO: [runtcl-4] Executing : report_utilization -file WORDLE_TOP_LEVEL_SHELL2_utilization_synth.rpt -pb WORDLE_TOP_LEVEL_SHELL2_utilization_synth.pb
INFO: [Common 17-206] Exiting Vivado at Wed Jun  8 02:37:03 2022...
