Riviera-PRO 2020.04.130.7729(Linux64) 2022-05-24 18:03:36

Elaboration top modules:
Architecture                  testbench(SCI_Tx_tb)


----------------------------------------------------------------------------------------
Entity    | Architecture | Library | Info | Compiler Version      | Compilation Options
----------------------------------------------------------------------------------------
SCI_Tx_tb | testbench    | work    |      | 2020.04.130 (Linux64) | -dbg -2008
SCI_Tx    | behavior     | work    |      | 2020.04.130 (Linux64) | -dbg -2008
----------------------------------------------------------------------------------------

----------------------------------------------------------------------------------------
VHDL Package             | Library | Info | Compiler Version      | Compilation Options
----------------------------------------------------------------------------------------
standard                 | std     |      |                       | <unavailable>
TEXTIO                   | std     |      |                       | <unavailable>
std_logic_1164           | ieee    |      |                       | <unavailable>
NUMERIC_STD              | ieee    |      |                       | <unavailable>
----------------------------------------------------------------------------------------

----------------------------------------------------------------------------------------
Library                  | Comment
----------------------------------------------------------------------------------------
ieee                     | Standard IEEE packages library
std                      | Standard VHDL library
work                     | None
----------------------------------------------------------------------------------------


Simulation Options: asim SCI_Tx_tb

License to run VHDL performance optimized simulation unavailable.

The performance of simulation is reduced. Version EDU Edition
